Start testing: Oct 20 14:26 MSK
----------------------------------------------------------
1/5 Testing: test1
1/5 Test: test1
Command: "/usr/bin/cmake" "-DTEST_PROGRAM=/home/roko/desktop/projects/LFUCache/LFUCache/bin/LFUCache" "-DTEST_INPUT=/home/roko/desktop/projects/LFUCache/LFUCache/tests/test1.dat" "-DTEST_OUTPUT=/home/roko/desktop/projects/LFUCache/LFUCache/tests/test1.out" "-DTEST_EXPECTED=/home/roko/desktop/projects/LFUCache/LFUCache/tests/test1.ans" "-P" "/home/roko/desktop/projects/LFUCache/LFUCache/cmake/RunTest.cmake"
Directory: /home/roko/desktop/projects/LFUCache/LFUCache
"test1" start time: Oct 20 14:26 MSK
Output:
----------------------------------------------------------
[0mTest passed: /home/roko/desktop/projects/LFUCache/LFUCache/tests/test1.dat[0m
<end of output>
Test time =   0.02 sec
----------------------------------------------------------
Test Passed.
"test1" end time: Oct 20 14:26 MSK
"test1" time elapsed: 00:00:00
----------------------------------------------------------

2/5 Testing: test2
2/5 Test: test2
Command: "/usr/bin/cmake" "-DTEST_PROGRAM=/home/roko/desktop/projects/LFUCache/LFUCache/bin/LFUCache" "-DTEST_INPUT=/home/roko/desktop/projects/LFUCache/LFUCache/tests/test2.dat" "-DTEST_OUTPUT=/home/roko/desktop/projects/LFUCache/LFUCache/tests/test2.out" "-DTEST_EXPECTED=/home/roko/desktop/projects/LFUCache/LFUCache/tests/test2.ans" "-P" "/home/roko/desktop/projects/LFUCache/LFUCache/cmake/RunTest.cmake"
Directory: /home/roko/desktop/projects/LFUCache/LFUCache
"test2" start time: Oct 20 14:26 MSK
Output:
----------------------------------------------------------
[0mTest passed: /home/roko/desktop/projects/LFUCache/LFUCache/tests/test2.dat[0m
<end of output>
Test time =   0.01 sec
----------------------------------------------------------
Test Passed.
"test2" end time: Oct 20 14:26 MSK
"test2" time elapsed: 00:00:00
----------------------------------------------------------

3/5 Testing: test3
3/5 Test: test3
Command: "/usr/bin/cmake" "-DTEST_PROGRAM=/home/roko/desktop/projects/LFUCache/LFUCache/bin/LFUCache" "-DTEST_INPUT=/home/roko/desktop/projects/LFUCache/LFUCache/tests/test3.dat" "-DTEST_OUTPUT=/home/roko/desktop/projects/LFUCache/LFUCache/tests/test3.out" "-DTEST_EXPECTED=/home/roko/desktop/projects/LFUCache/LFUCache/tests/test3.ans" "-P" "/home/roko/desktop/projects/LFUCache/LFUCache/cmake/RunTest.cmake"
Directory: /home/roko/desktop/projects/LFUCache/LFUCache
"test3" start time: Oct 20 14:26 MSK
Output:
----------------------------------------------------------
[0mTest passed: /home/roko/desktop/projects/LFUCache/LFUCache/tests/test3.dat[0m
<end of output>
Test time =   0.02 sec
----------------------------------------------------------
Test Passed.
"test3" end time: Oct 20 14:26 MSK
"test3" time elapsed: 00:00:00
----------------------------------------------------------

4/5 Testing: test4
4/5 Test: test4
Command: "/usr/bin/cmake" "-DTEST_PROGRAM=/home/roko/desktop/projects/LFUCache/LFUCache/bin/LFUCache" "-DTEST_INPUT=/home/roko/desktop/projects/LFUCache/LFUCache/tests/test4.dat" "-DTEST_OUTPUT=/home/roko/desktop/projects/LFUCache/LFUCache/tests/test4.out" "-DTEST_EXPECTED=/home/roko/desktop/projects/LFUCache/LFUCache/tests/test4.ans" "-P" "/home/roko/desktop/projects/LFUCache/LFUCache/cmake/RunTest.cmake"
Directory: /home/roko/desktop/projects/LFUCache/LFUCache
"test4" start time: Oct 20 14:26 MSK
Output:
----------------------------------------------------------
[0mTest passed: /home/roko/desktop/projects/LFUCache/LFUCache/tests/test4.dat[0m
<end of output>
Test time =   0.02 sec
----------------------------------------------------------
Test Passed.
"test4" end time: Oct 20 14:26 MSK
"test4" time elapsed: 00:00:00
----------------------------------------------------------

5/5 Testing: test5
5/5 Test: test5
Command: "/usr/bin/cmake" "-DTEST_PROGRAM=/home/roko/desktop/projects/LFUCache/LFUCache/bin/LFUCache" "-DTEST_INPUT=/home/roko/desktop/projects/LFUCache/LFUCache/tests/test5.dat" "-DTEST_OUTPUT=/home/roko/desktop/projects/LFUCache/LFUCache/tests/test5.out" "-DTEST_EXPECTED=/home/roko/desktop/projects/LFUCache/LFUCache/tests/test5.ans" "-P" "/home/roko/desktop/projects/LFUCache/LFUCache/cmake/RunTest.cmake"
Directory: /home/roko/desktop/projects/LFUCache/LFUCache
"test5" start time: Oct 20 14:26 MSK
Output:
----------------------------------------------------------
[0mTest passed: /home/roko/desktop/projects/LFUCache/LFUCache/tests/test5.dat[0m
<end of output>
Test time =   0.02 sec
----------------------------------------------------------
Test Passed.
"test5" end time: Oct 20 14:26 MSK
"test5" time elapsed: 00:00:00
----------------------------------------------------------

End testing: Oct 20 14:26 MSK
