Start testing: Sep 28 16:38 MSK
----------------------------------------------------------
1/13 Testing: test1
1/13 Test: test1
Command: "/usr/bin/cmake" "-DTEST_PROGRAM=/home/roko/desktop/projects/LFUCache/IdealCache/bin/IdealCache" "-DTEST_INPUT=/home/roko/desktop/projects/LFUCache/IdealCache/tests/test1.dat" "-DTEST_OUTPUT=/home/roko/desktop/projects/LFUCache/IdealCache/tests/test1.out" "-DTEST_EXPECTED=/home/roko/desktop/projects/LFUCache/IdealCache/tests/test1.ans" "-P" "/home/roko/desktop/projects/LFUCache/IdealCache/cmake/RunTest.cmake"
Directory: /home/roko/desktop/projects/LFUCache/IdealCache
"test1" start time: Sep 28 16:38 MSK
Output:
----------------------------------------------------------
[0mTest passed: /home/roko/desktop/projects/LFUCache/IdealCache/tests/test1.dat[0m
<end of output>
Test time =   0.01 sec
----------------------------------------------------------
Test Passed.
"test1" end time: Sep 28 16:38 MSK
"test1" time elapsed: 00:00:00
----------------------------------------------------------

2/13 Testing: test10
2/13 Test: test10
Command: "/usr/bin/cmake" "-DTEST_PROGRAM=/home/roko/desktop/projects/LFUCache/IdealCache/bin/IdealCache" "-DTEST_INPUT=/home/roko/desktop/projects/LFUCache/IdealCache/tests/test10.dat" "-DTEST_OUTPUT=/home/roko/desktop/projects/LFUCache/IdealCache/tests/test10.out" "-DTEST_EXPECTED=/home/roko/desktop/projects/LFUCache/IdealCache/tests/test10.ans" "-P" "/home/roko/desktop/projects/LFUCache/IdealCache/cmake/RunTest.cmake"
Directory: /home/roko/desktop/projects/LFUCache/IdealCache
"test10" start time: Sep 28 16:38 MSK
Output:
----------------------------------------------------------
[0mTest passed: /home/roko/desktop/projects/LFUCache/IdealCache/tests/test10.dat[0m
<end of output>
Test time =   0.01 sec
----------------------------------------------------------
Test Passed.
"test10" end time: Sep 28 16:38 MSK
"test10" time elapsed: 00:00:00
----------------------------------------------------------

3/13 Testing: test11
3/13 Test: test11
Command: "/usr/bin/cmake" "-DTEST_PROGRAM=/home/roko/desktop/projects/LFUCache/IdealCache/bin/IdealCache" "-DTEST_INPUT=/home/roko/desktop/projects/LFUCache/IdealCache/tests/test11.dat" "-DTEST_OUTPUT=/home/roko/desktop/projects/LFUCache/IdealCache/tests/test11.out" "-DTEST_EXPECTED=/home/roko/desktop/projects/LFUCache/IdealCache/tests/test11.ans" "-P" "/home/roko/desktop/projects/LFUCache/IdealCache/cmake/RunTest.cmake"
Directory: /home/roko/desktop/projects/LFUCache/IdealCache
"test11" start time: Sep 28 16:38 MSK
Output:
----------------------------------------------------------
[0mTest passed: /home/roko/desktop/projects/LFUCache/IdealCache/tests/test11.dat[0m
<end of output>
Test time =   0.01 sec
----------------------------------------------------------
Test Passed.
"test11" end time: Sep 28 16:38 MSK
"test11" time elapsed: 00:00:00
----------------------------------------------------------

4/13 Testing: test12
4/13 Test: test12
Command: "/usr/bin/cmake" "-DTEST_PROGRAM=/home/roko/desktop/projects/LFUCache/IdealCache/bin/IdealCache" "-DTEST_INPUT=/home/roko/desktop/projects/LFUCache/IdealCache/tests/test12.dat" "-DTEST_OUTPUT=/home/roko/desktop/projects/LFUCache/IdealCache/tests/test12.out" "-DTEST_EXPECTED=/home/roko/desktop/projects/LFUCache/IdealCache/tests/test12.ans" "-P" "/home/roko/desktop/projects/LFUCache/IdealCache/cmake/RunTest.cmake"
Directory: /home/roko/desktop/projects/LFUCache/IdealCache
"test12" start time: Sep 28 16:38 MSK
Output:
----------------------------------------------------------
[0mTest passed: /home/roko/desktop/projects/LFUCache/IdealCache/tests/test12.dat[0m
<end of output>
Test time =   0.01 sec
----------------------------------------------------------
Test Passed.
"test12" end time: Sep 28 16:38 MSK
"test12" time elapsed: 00:00:00
----------------------------------------------------------

5/13 Testing: test13
5/13 Test: test13
Command: "/usr/bin/cmake" "-DTEST_PROGRAM=/home/roko/desktop/projects/LFUCache/IdealCache/bin/IdealCache" "-DTEST_INPUT=/home/roko/desktop/projects/LFUCache/IdealCache/tests/test13.dat" "-DTEST_OUTPUT=/home/roko/desktop/projects/LFUCache/IdealCache/tests/test13.out" "-DTEST_EXPECTED=/home/roko/desktop/projects/LFUCache/IdealCache/tests/test13.ans" "-P" "/home/roko/desktop/projects/LFUCache/IdealCache/cmake/RunTest.cmake"
Directory: /home/roko/desktop/projects/LFUCache/IdealCache
"test13" start time: Sep 28 16:38 MSK
Output:
----------------------------------------------------------
[0mTest passed: /home/roko/desktop/projects/LFUCache/IdealCache/tests/test13.dat[0m
<end of output>
Test time =   0.20 sec
----------------------------------------------------------
Test Passed.
"test13" end time: Sep 28 16:38 MSK
"test13" time elapsed: 00:00:00
----------------------------------------------------------

6/13 Testing: test2
6/13 Test: test2
Command: "/usr/bin/cmake" "-DTEST_PROGRAM=/home/roko/desktop/projects/LFUCache/IdealCache/bin/IdealCache" "-DTEST_INPUT=/home/roko/desktop/projects/LFUCache/IdealCache/tests/test2.dat" "-DTEST_OUTPUT=/home/roko/desktop/projects/LFUCache/IdealCache/tests/test2.out" "-DTEST_EXPECTED=/home/roko/desktop/projects/LFUCache/IdealCache/tests/test2.ans" "-P" "/home/roko/desktop/projects/LFUCache/IdealCache/cmake/RunTest.cmake"
Directory: /home/roko/desktop/projects/LFUCache/IdealCache
"test2" start time: Sep 28 16:38 MSK
Output:
----------------------------------------------------------
[0mTest passed: /home/roko/desktop/projects/LFUCache/IdealCache/tests/test2.dat[0m
<end of output>
Test time =   0.02 sec
----------------------------------------------------------
Test Passed.
"test2" end time: Sep 28 16:38 MSK
"test2" time elapsed: 00:00:00
----------------------------------------------------------

7/13 Testing: test3
7/13 Test: test3
Command: "/usr/bin/cmake" "-DTEST_PROGRAM=/home/roko/desktop/projects/LFUCache/IdealCache/bin/IdealCache" "-DTEST_INPUT=/home/roko/desktop/projects/LFUCache/IdealCache/tests/test3.dat" "-DTEST_OUTPUT=/home/roko/desktop/projects/LFUCache/IdealCache/tests/test3.out" "-DTEST_EXPECTED=/home/roko/desktop/projects/LFUCache/IdealCache/tests/test3.ans" "-P" "/home/roko/desktop/projects/LFUCache/IdealCache/cmake/RunTest.cmake"
Directory: /home/roko/desktop/projects/LFUCache/IdealCache
"test3" start time: Sep 28 16:38 MSK
Output:
----------------------------------------------------------
[0mTest passed: /home/roko/desktop/projects/LFUCache/IdealCache/tests/test3.dat[0m
<end of output>
Test time =   0.01 sec
----------------------------------------------------------
Test Passed.
"test3" end time: Sep 28 16:38 MSK
"test3" time elapsed: 00:00:00
----------------------------------------------------------

8/13 Testing: test4
8/13 Test: test4
Command: "/usr/bin/cmake" "-DTEST_PROGRAM=/home/roko/desktop/projects/LFUCache/IdealCache/bin/IdealCache" "-DTEST_INPUT=/home/roko/desktop/projects/LFUCache/IdealCache/tests/test4.dat" "-DTEST_OUTPUT=/home/roko/desktop/projects/LFUCache/IdealCache/tests/test4.out" "-DTEST_EXPECTED=/home/roko/desktop/projects/LFUCache/IdealCache/tests/test4.ans" "-P" "/home/roko/desktop/projects/LFUCache/IdealCache/cmake/RunTest.cmake"
Directory: /home/roko/desktop/projects/LFUCache/IdealCache
"test4" start time: Sep 28 16:38 MSK
Output:
----------------------------------------------------------
[0mTest passed: /home/roko/desktop/projects/LFUCache/IdealCache/tests/test4.dat[0m
<end of output>
Test time =   0.01 sec
----------------------------------------------------------
Test Passed.
"test4" end time: Sep 28 16:38 MSK
"test4" time elapsed: 00:00:00
----------------------------------------------------------

9/13 Testing: test5
9/13 Test: test5
Command: "/usr/bin/cmake" "-DTEST_PROGRAM=/home/roko/desktop/projects/LFUCache/IdealCache/bin/IdealCache" "-DTEST_INPUT=/home/roko/desktop/projects/LFUCache/IdealCache/tests/test5.dat" "-DTEST_OUTPUT=/home/roko/desktop/projects/LFUCache/IdealCache/tests/test5.out" "-DTEST_EXPECTED=/home/roko/desktop/projects/LFUCache/IdealCache/tests/test5.ans" "-P" "/home/roko/desktop/projects/LFUCache/IdealCache/cmake/RunTest.cmake"
Directory: /home/roko/desktop/projects/LFUCache/IdealCache
"test5" start time: Sep 28 16:38 MSK
Output:
----------------------------------------------------------
[0mTest passed: /home/roko/desktop/projects/LFUCache/IdealCache/tests/test5.dat[0m
<end of output>
Test time =   0.01 sec
----------------------------------------------------------
Test Passed.
"test5" end time: Sep 28 16:38 MSK
"test5" time elapsed: 00:00:00
----------------------------------------------------------

10/13 Testing: test6
10/13 Test: test6
Command: "/usr/bin/cmake" "-DTEST_PROGRAM=/home/roko/desktop/projects/LFUCache/IdealCache/bin/IdealCache" "-DTEST_INPUT=/home/roko/desktop/projects/LFUCache/IdealCache/tests/test6.dat" "-DTEST_OUTPUT=/home/roko/desktop/projects/LFUCache/IdealCache/tests/test6.out" "-DTEST_EXPECTED=/home/roko/desktop/projects/LFUCache/IdealCache/tests/test6.ans" "-P" "/home/roko/desktop/projects/LFUCache/IdealCache/cmake/RunTest.cmake"
Directory: /home/roko/desktop/projects/LFUCache/IdealCache
"test6" start time: Sep 28 16:38 MSK
Output:
----------------------------------------------------------
[0mTest passed: /home/roko/desktop/projects/LFUCache/IdealCache/tests/test6.dat[0m
<end of output>
Test time =   0.01 sec
----------------------------------------------------------
Test Passed.
"test6" end time: Sep 28 16:38 MSK
"test6" time elapsed: 00:00:00
----------------------------------------------------------

11/13 Testing: test7
11/13 Test: test7
Command: "/usr/bin/cmake" "-DTEST_PROGRAM=/home/roko/desktop/projects/LFUCache/IdealCache/bin/IdealCache" "-DTEST_INPUT=/home/roko/desktop/projects/LFUCache/IdealCache/tests/test7.dat" "-DTEST_OUTPUT=/home/roko/desktop/projects/LFUCache/IdealCache/tests/test7.out" "-DTEST_EXPECTED=/home/roko/desktop/projects/LFUCache/IdealCache/tests/test7.ans" "-P" "/home/roko/desktop/projects/LFUCache/IdealCache/cmake/RunTest.cmake"
Directory: /home/roko/desktop/projects/LFUCache/IdealCache
"test7" start time: Sep 28 16:38 MSK
Output:
----------------------------------------------------------
[0mTest passed: /home/roko/desktop/projects/LFUCache/IdealCache/tests/test7.dat[0m
<end of output>
Test time =   0.01 sec
----------------------------------------------------------
Test Passed.
"test7" end time: Sep 28 16:38 MSK
"test7" time elapsed: 00:00:00
----------------------------------------------------------

12/13 Testing: test8
12/13 Test: test8
Command: "/usr/bin/cmake" "-DTEST_PROGRAM=/home/roko/desktop/projects/LFUCache/IdealCache/bin/IdealCache" "-DTEST_INPUT=/home/roko/desktop/projects/LFUCache/IdealCache/tests/test8.dat" "-DTEST_OUTPUT=/home/roko/desktop/projects/LFUCache/IdealCache/tests/test8.out" "-DTEST_EXPECTED=/home/roko/desktop/projects/LFUCache/IdealCache/tests/test8.ans" "-P" "/home/roko/desktop/projects/LFUCache/IdealCache/cmake/RunTest.cmake"
Directory: /home/roko/desktop/projects/LFUCache/IdealCache
"test8" start time: Sep 28 16:38 MSK
Output:
----------------------------------------------------------
[0mTest passed: /home/roko/desktop/projects/LFUCache/IdealCache/tests/test8.dat[0m
<end of output>
Test time =   0.01 sec
----------------------------------------------------------
Test Passed.
"test8" end time: Sep 28 16:38 MSK
"test8" time elapsed: 00:00:00
----------------------------------------------------------

13/13 Testing: test9
13/13 Test: test9
Command: "/usr/bin/cmake" "-DTEST_PROGRAM=/home/roko/desktop/projects/LFUCache/IdealCache/bin/IdealCache" "-DTEST_INPUT=/home/roko/desktop/projects/LFUCache/IdealCache/tests/test9.dat" "-DTEST_OUTPUT=/home/roko/desktop/projects/LFUCache/IdealCache/tests/test9.out" "-DTEST_EXPECTED=/home/roko/desktop/projects/LFUCache/IdealCache/tests/test9.ans" "-P" "/home/roko/desktop/projects/LFUCache/IdealCache/cmake/RunTest.cmake"
Directory: /home/roko/desktop/projects/LFUCache/IdealCache
"test9" start time: Sep 28 16:38 MSK
Output:
----------------------------------------------------------
[0mTest passed: /home/roko/desktop/projects/LFUCache/IdealCache/tests/test9.dat[0m
<end of output>
Test time =   0.01 sec
----------------------------------------------------------
Test Passed.
"test9" end time: Sep 28 16:38 MSK
"test9" time elapsed: 00:00:00
----------------------------------------------------------

End testing: Sep 28 16:38 MSK
